[workflow-gate] check consistency
{
  "status": "Pass",
  "conflicts": [],
  "refs": {
    "api_contracts": "docs/product/v3.7.0/architecture/api-contracts.md",
    "nfr_budgets": "docs/product/v3.7.0/architecture/nfr-budgets.md"
  },
  "metrics": {
    "terminal_status": "Pass",
    "terminal_reason_code_count": 0,
    "blocking_open_question_count": 0,
    "blocking_open_question_ids": [],
    "terminal_unresolved_api_drift_count": 0,
    "terminal_unresolved_api_drift_ids": [],
    "terminal_unproven_nfr_count": 0,
    "terminal_unproven_nfr_items": [],
    "api_doc_known": true,
    "api_doc_template": false,
    "api_doc_open_drift_count": 0,
    "nfr_doc_known": true,
    "nfr_doc_template": false,
    "nfr_doc_non_pass_count": 0,
    "nfr_doc_non_pass_statuses": []
  },
  "checked_at": "2026-02-28T04:58:21.723161+00:00",
  "terminal": "docs/product/v3.7.0/execution/terminal.json"
}
[workflow-gate] build evidence manifest
{
  "schema_version": "1.0",
  "generated_at": "2026-02-28T04:58:21.761070+00:00",
  "terminal": "docs/product/v3.7.0/execution/terminal.json",
  "summary": {
    "item_count": 8,
    "missing_count": 0
  },
  "items": [
    {
      "path": "docs/product/v3.7.0/SUMMARY.md",
      "sha256": "287f502785f6005464b66312a0655302bc10b887a93f33850e113bce70c5153e",
      "size_bytes": 786,
      "mtime": "2026-02-28T03:41:53.078046+00:00"
    },
    {
      "path": "docs/product/v3.7.0/execution/summary.md",
      "sha256": "4be7b3cddc6c3015f305e7c32bddf95bea98c141338fa68d92b9a5e49bf34694",
      "size_bytes": 560,
      "mtime": "2026-02-28T04:58:16.046986+00:00"
    },
    {
      "path": "docs/product/v3.7.0/execution/summary.json",
      "sha256": "e89ca60a4014bc8f12c979d3dcf104f28ac0f2c1deab18eb1faa73f0e97fcfd2",
      "size_bytes": 2369,
      "mtime": "2026-02-28T04:58:16.046809+00:00"
    },
    {
      "path": "docs/product/v3.7.0/execution/raw-command-log.jsonl",
      "sha256": "574b04b9802f5bcc0ac614cfb8c38462333d42bfa1db1d723e6271ded52bdd71",
      "size_bytes": 32826,
      "mtime": "2026-02-28T04:58:16.050958+00:00"
    },
    {
      "path": ".ptk/memory/scope/deviations.json",
      "sha256": "fb4f71db83c7f192b66371509e8eb262f0f911b7f1ba2648effb58d1dfccdbe6",
      "size_bytes": 7454,
      "mtime": "2026-02-28T04:57:44.645801+00:00"
    },
    {
      "path": ".ptk/memory/scope/confirmations.json",
      "sha256": "1d1947471ec6c7a22a09958f36a6d246726b58eacf2be1ff6162499ba42e9e21",
      "size_bytes": 9276,
      "mtime": "2026-02-28T04:57:44.646080+00:00"
    },
    {
      "path": "docs/product/v3.7.0/execution/gate-consistency-report.json",
      "sha256": "e9f0c920fb5f0504247894f172b4308d17ba9037f0ff0f971b9b3eaf2b96f64a",
      "size_bytes": 868,
      "mtime": "2026-02-28T04:58:21.723835+00:00"
    },
    {
      "path": "docs/product/v3.7.0/execution/terminal.json",
      "sha256": "4ab300a95f809b2bcfd3db4fe1127b3c699486f488a11cc02d7d5f84ae826b92",
      "size_bytes": 3342,
      "mtime": "2026-02-28T03:38:23.531433+00:00"
    }
  ],
  "missing": []
}
[workflow-gate] validate terminal artifacts
{
  "status": "Pass",
  "reason_codes": [],
  "details": {
    "version": "v3.7.0",
    "terminal_path": "docs/product/v3.7.0/execution/terminal.json",
    "boundaries_path": "docs/product/v3.7.0/execution/boundaries.md",
    "boundaries_exists": true,
    "boundaries_missing_markers": [],
    "architecture_base_path": "docs/product/v3.7.0/architecture",
    "architecture_required_files": [
      "system-context.md",
      "responsibility-boundaries.md",
      "api-contracts.md",
      "nfr-budgets.md",
      "adr-index.md"
    ],
    "missing_architecture_artifacts": [],
    "terminal_exists": true,
    "terminal_status": "Pass",
    "evidence_ref_count": 9,
    "gate_consistency": {
      "status": "Pass",
      "conflicts": [],
      "refs": {
        "api_contracts": "docs/product/v3.7.0/architecture/api-contracts.md",
        "nfr_budgets": "docs/product/v3.7.0/architecture/nfr-budgets.md"
      },
      "metrics": {
        "terminal_status": "Pass",
        "terminal_reason_code_count": 0,
        "blocking_open_question_count": 0,
        "blocking_open_question_ids": [],
        "terminal_unresolved_api_drift_count": 0,
        "terminal_unresolved_api_drift_ids": [],
        "terminal_unproven_nfr_count": 0,
        "terminal_unproven_nfr_items": [],
        "api_doc_known": true,
        "api_doc_template": false,
        "api_doc_open_drift_count": 0,
        "nfr_doc_known": true,
        "nfr_doc_template": false,
        "nfr_doc_non_pass_count": 0,
        "nfr_doc_non_pass_statuses": []
      }
    },
    "evidence_integrity_exists": true,
    "raw_command_log_path": "docs/product/v3.7.0/execution/raw-command-log.jsonl",
    "raw_command_log": {
      "exists": true,
      "entry_count": 59,
      "invalid_lines": [],
      "errors": [],
      "valid": true
    },
    "gate_consistency_report_path": "docs/product/v3.7.0/execution/gate-consistency-report.json",
    "sha256_manifest_path": "docs/product/v3.7.0/execution/evidence-manifest.json",
    "sha256_manifest_required_ref_count": 8
  }
}
