[workflow-gate] check consistency
{
  "status": "Pass",
  "conflicts": [],
  "refs": {
    "api_contracts": "docs/product/v3.7.0/architecture/api-contracts.md",
    "nfr_budgets": "docs/product/v3.7.0/architecture/nfr-budgets.md"
  },
  "metrics": {
    "terminal_status": "Pass",
    "terminal_reason_code_count": 0,
    "blocking_open_question_count": 0,
    "blocking_open_question_ids": [],
    "terminal_unresolved_api_drift_count": 0,
    "terminal_unresolved_api_drift_ids": [],
    "terminal_unproven_nfr_count": 0,
    "terminal_unproven_nfr_items": [],
    "api_doc_known": true,
    "api_doc_template": false,
    "api_doc_open_drift_count": 0,
    "nfr_doc_known": true,
    "nfr_doc_template": false,
    "nfr_doc_non_pass_count": 0,
    "nfr_doc_non_pass_statuses": []
  },
  "checked_at": "2026-02-28T04:56:31.185424+00:00",
  "terminal": "docs/product/v3.7.0/execution/terminal.json"
}
[workflow-gate] build evidence manifest
{
  "schema_version": "1.0",
  "generated_at": "2026-02-28T04:56:31.225116+00:00",
  "terminal": "docs/product/v3.7.0/execution/terminal.json",
  "summary": {
    "item_count": 8,
    "missing_count": 0
  },
  "items": [
    {
      "path": "docs/product/v3.7.0/SUMMARY.md",
      "sha256": "287f502785f6005464b66312a0655302bc10b887a93f33850e113bce70c5153e",
      "size_bytes": 786,
      "mtime": "2026-02-28T03:41:53.078046+00:00"
    },
    {
      "path": "docs/product/v3.7.0/execution/summary.md",
      "sha256": "825c1489e179df572ab9e8439aca6b9c23769cc6b39ad5906f45532f926ee737",
      "size_bytes": 548,
      "mtime": "2026-02-28T04:56:17.827001+00:00"
    },
    {
      "path": "docs/product/v3.7.0/execution/summary.json",
      "sha256": "4d2338fcdab93d6ce84df8e1907497ced21440ba9d0ea5038d22a83e24d2e295",
      "size_bytes": 1603,
      "mtime": "2026-02-28T04:56:17.826819+00:00"
    },
    {
      "path": "docs/product/v3.7.0/execution/raw-command-log.jsonl",
      "sha256": "abd27065e1217c89974c5fc0f7df5422c72852acfb61116348d03616a46990fc",
      "size_bytes": 28468,
      "mtime": "2026-02-28T04:56:25.438651+00:00"
    },
    {
      "path": ".ptk/memory/scope/deviations.json",
      "sha256": "c2694b1fff5f98a800d2477b4227886490492ac20b6d38801dc6243a7b4b335f",
      "size_bytes": 7002,
      "mtime": "2026-02-28T04:55:35.383619+00:00"
    },
    {
      "path": ".ptk/memory/scope/confirmations.json",
      "sha256": "e612df9e50a028d82189efd103653ddaba459b1ec4668a7c7d3fb365fdbabc03",
      "size_bytes": 8686,
      "mtime": "2026-02-28T04:55:35.383894+00:00"
    },
    {
      "path": "docs/product/v3.7.0/execution/gate-consistency-report.json",
      "sha256": "c154253778967acc101382663118795bc3e49659ade6ed3ef57a789fc2244bb9",
      "size_bytes": 868,
      "mtime": "2026-02-28T04:56:31.186185+00:00"
    },
    {
      "path": "docs/product/v3.7.0/execution/terminal.json",
      "sha256": "4ab300a95f809b2bcfd3db4fe1127b3c699486f488a11cc02d7d5f84ae826b92",
      "size_bytes": 3342,
      "mtime": "2026-02-28T03:38:23.531433+00:00"
    }
  ],
  "missing": []
}
[workflow-gate] validate terminal artifacts
{
  "status": "Pass",
  "reason_codes": [],
  "details": {
    "version": "v3.7.0",
    "terminal_path": "docs/product/v3.7.0/execution/terminal.json",
    "boundaries_path": "docs/product/v3.7.0/execution/boundaries.md",
    "boundaries_exists": true,
    "boundaries_missing_markers": [],
    "architecture_base_path": "docs/product/v3.7.0/architecture",
    "architecture_required_files": [
      "system-context.md",
      "responsibility-boundaries.md",
      "api-contracts.md",
      "nfr-budgets.md",
      "adr-index.md"
    ],
    "missing_architecture_artifacts": [],
    "terminal_exists": true,
    "terminal_status": "Pass",
    "evidence_ref_count": 9,
    "gate_consistency": {
      "status": "Pass",
      "conflicts": [],
      "refs": {
        "api_contracts": "docs/product/v3.7.0/architecture/api-contracts.md",
        "nfr_budgets": "docs/product/v3.7.0/architecture/nfr-budgets.md"
      },
      "metrics": {
        "terminal_status": "Pass",
        "terminal_reason_code_count": 0,
        "blocking_open_question_count": 0,
        "blocking_open_question_ids": [],
        "terminal_unresolved_api_drift_count": 0,
        "terminal_unresolved_api_drift_ids": [],
        "terminal_unproven_nfr_count": 0,
        "terminal_unproven_nfr_items": [],
        "api_doc_known": true,
        "api_doc_template": false,
        "api_doc_open_drift_count": 0,
        "nfr_doc_known": true,
        "nfr_doc_template": false,
        "nfr_doc_non_pass_count": 0,
        "nfr_doc_non_pass_statuses": []
      }
    },
    "evidence_integrity_exists": true,
    "raw_command_log_path": "docs/product/v3.7.0/execution/raw-command-log.jsonl",
    "raw_command_log": {
      "exists": true,
      "entry_count": 51,
      "invalid_lines": [],
      "errors": [],
      "valid": true
    },
    "gate_consistency_report_path": "docs/product/v3.7.0/execution/gate-consistency-report.json",
    "sha256_manifest_path": "docs/product/v3.7.0/execution/evidence-manifest.json",
    "sha256_manifest_required_ref_count": 8
  }
}
