[workflow-gate] check consistency
{
  "status": "Pass",
  "conflicts": [],
  "refs": {
    "api_contracts": "docs/product/v3.7.0/architecture/api-contracts.md",
    "nfr_budgets": "docs/product/v3.7.0/architecture/nfr-budgets.md"
  },
  "metrics": {
    "terminal_status": "Pass",
    "terminal_reason_code_count": 0,
    "blocking_open_question_count": 0,
    "blocking_open_question_ids": [],
    "terminal_unresolved_api_drift_count": 0,
    "terminal_unresolved_api_drift_ids": [],
    "terminal_unproven_nfr_count": 0,
    "terminal_unproven_nfr_items": [],
    "api_doc_known": true,
    "api_doc_template": false,
    "api_doc_open_drift_count": 0,
    "nfr_doc_known": true,
    "nfr_doc_template": false,
    "nfr_doc_non_pass_count": 0,
    "nfr_doc_non_pass_statuses": []
  },
  "checked_at": "2026-02-28T03:42:13.986499+00:00",
  "terminal": "docs/product/v3.7.0/execution/terminal.json"
}
[workflow-gate] build evidence manifest
{
  "schema_version": "1.0",
  "generated_at": "2026-02-28T03:42:14.026859+00:00",
  "terminal": "docs/product/v3.7.0/execution/terminal.json",
  "summary": {
    "item_count": 8,
    "missing_count": 0
  },
  "items": [
    {
      "path": "docs/product/v3.7.0/SUMMARY.md",
      "sha256": "287f502785f6005464b66312a0655302bc10b887a93f33850e113bce70c5153e",
      "size_bytes": 786,
      "mtime": "2026-02-28T03:41:53.078046+00:00"
    },
    {
      "path": "docs/product/v3.7.0/execution/summary.md",
      "sha256": "22be43511d9a1b7c3bf3d6368d211567be94cebbd5002168c8dff4242d6cce88",
      "size_bytes": 544,
      "mtime": "2026-02-28T03:41:04.165431+00:00"
    },
    {
      "path": "docs/product/v3.7.0/execution/summary.json",
      "sha256": "9aaf4e9a670b824d501b1f94482c64f8161ce37d83b5b58ea19e56311c9f325e",
      "size_bytes": 2000,
      "mtime": "2026-02-28T03:41:04.165268+00:00"
    },
    {
      "path": "docs/product/v3.7.0/execution/raw-command-log.jsonl",
      "sha256": "95cc6b82a6a34a3fb50c3da712e72b65ae32098f4ca7b746488f38476fb5a16f",
      "size_bytes": 12231,
      "mtime": "2026-02-28T03:41:12.198849+00:00"
    },
    {
      "path": ".ptk/memory/scope/deviations.json",
      "sha256": "50d89ab4ec44c7fc38faf1c922c133488d7851fba02a373269640befbf472e0b",
      "size_bytes": 3226,
      "mtime": "2026-02-28T03:39:47.362049+00:00"
    },
    {
      "path": ".ptk/memory/scope/confirmations.json",
      "sha256": "29db8249cd76b3fad2ebbac1e4a1765f8ce03414de6e12379398ae03558653dc",
      "size_bytes": 3820,
      "mtime": "2026-02-28T03:39:47.362221+00:00"
    },
    {
      "path": "docs/product/v3.7.0/execution/gate-consistency-report.json",
      "sha256": "423a011768e2edafe3e9e262d5c09b0303359c8e848110dd4ed49511272fdbf3",
      "size_bytes": 868,
      "mtime": "2026-02-28T03:42:13.987268+00:00"
    },
    {
      "path": "docs/product/v3.7.0/execution/terminal.json",
      "sha256": "4ab300a95f809b2bcfd3db4fe1127b3c699486f488a11cc02d7d5f84ae826b92",
      "size_bytes": 3342,
      "mtime": "2026-02-28T03:38:23.531433+00:00"
    }
  ],
  "missing": []
}
[workflow-gate] validate terminal artifacts
{
  "status": "Pass",
  "reason_codes": [],
  "details": {
    "version": "v3.7.0",
    "terminal_path": "docs/product/v3.7.0/execution/terminal.json",
    "boundaries_path": "docs/product/v3.7.0/execution/boundaries.md",
    "boundaries_exists": true,
    "boundaries_missing_markers": [],
    "architecture_base_path": "docs/product/v3.7.0/architecture",
    "architecture_required_files": [
      "system-context.md",
      "responsibility-boundaries.md",
      "api-contracts.md",
      "nfr-budgets.md",
      "adr-index.md"
    ],
    "missing_architecture_artifacts": [],
    "terminal_exists": true,
    "terminal_status": "Pass",
    "evidence_ref_count": 9,
    "gate_consistency": {
      "status": "Pass",
      "conflicts": [],
      "refs": {
        "api_contracts": "docs/product/v3.7.0/architecture/api-contracts.md",
        "nfr_budgets": "docs/product/v3.7.0/architecture/nfr-budgets.md"
      },
      "metrics": {
        "terminal_status": "Pass",
        "terminal_reason_code_count": 0,
        "blocking_open_question_count": 0,
        "blocking_open_question_ids": [],
        "terminal_unresolved_api_drift_count": 0,
        "terminal_unresolved_api_drift_ids": [],
        "terminal_unproven_nfr_count": 0,
        "terminal_unproven_nfr_items": [],
        "api_doc_known": true,
        "api_doc_template": false,
        "api_doc_open_drift_count": 0,
        "nfr_doc_known": true,
        "nfr_doc_template": false,
        "nfr_doc_non_pass_count": 0,
        "nfr_doc_non_pass_statuses": []
      }
    },
    "evidence_integrity_exists": true,
    "raw_command_log_path": "docs/product/v3.7.0/execution/raw-command-log.jsonl",
    "raw_command_log": {
      "exists": true,
      "entry_count": 23,
      "invalid_lines": [],
      "errors": [],
      "valid": true
    },
    "gate_consistency_report_path": "docs/product/v3.7.0/execution/gate-consistency-report.json",
    "sha256_manifest_path": "docs/product/v3.7.0/execution/evidence-manifest.json",
    "sha256_manifest_required_ref_count": 8
  }
}
