[workflow-gate] check consistency
{
  "status": "Pass",
  "conflicts": [],
  "refs": {
    "api_contracts": "docs/product/v3.7.0/architecture/api-contracts.md",
    "nfr_budgets": "docs/product/v3.7.0/architecture/nfr-budgets.md"
  },
  "metrics": {
    "terminal_status": "Pass",
    "terminal_reason_code_count": 0,
    "blocking_open_question_count": 0,
    "blocking_open_question_ids": [],
    "terminal_unresolved_api_drift_count": 0,
    "terminal_unresolved_api_drift_ids": [],
    "terminal_unproven_nfr_count": 0,
    "terminal_unproven_nfr_items": [],
    "api_doc_known": true,
    "api_doc_template": false,
    "api_doc_open_drift_count": 0,
    "nfr_doc_known": true,
    "nfr_doc_template": false,
    "nfr_doc_non_pass_count": 0,
    "nfr_doc_non_pass_statuses": []
  },
  "checked_at": "2026-02-28T04:54:36.181043+00:00",
  "terminal": "docs/product/v3.7.0/execution/terminal.json"
}
[workflow-gate] build evidence manifest
{
  "schema_version": "1.0",
  "generated_at": "2026-02-28T04:54:36.219821+00:00",
  "terminal": "docs/product/v3.7.0/execution/terminal.json",
  "summary": {
    "item_count": 8,
    "missing_count": 0
  },
  "items": [
    {
      "path": "docs/product/v3.7.0/SUMMARY.md",
      "sha256": "287f502785f6005464b66312a0655302bc10b887a93f33850e113bce70c5153e",
      "size_bytes": 786,
      "mtime": "2026-02-28T03:41:53.078046+00:00"
    },
    {
      "path": "docs/product/v3.7.0/execution/summary.md",
      "sha256": "7a7b32e2f4c4eac1dba512e5da5800d7307b575f197185c1c38e53e561046195",
      "size_bytes": 584,
      "mtime": "2026-02-28T04:54:35.825380+00:00"
    },
    {
      "path": "docs/product/v3.7.0/execution/summary.json",
      "sha256": "b0e0869cb72ef312565354457817423faeb1b1965ead8bf753f604ada757609f",
      "size_bytes": 2473,
      "mtime": "2026-02-28T04:54:35.825259+00:00"
    },
    {
      "path": "docs/product/v3.7.0/execution/raw-command-log.jsonl",
      "sha256": "357d5f278aed0d7d185a1fa7b97a3f67949459da91994e1690fbaed3354ab462",
      "size_bytes": 22572,
      "mtime": "2026-02-28T04:54:36.030945+00:00"
    },
    {
      "path": ".ptk/memory/scope/deviations.json",
      "sha256": "ca62f8d83d7d1bec124b2671b4ad6aadedcb0ccca121ffa11adb58346e6886eb",
      "size_bytes": 6776,
      "mtime": "2026-02-28T04:54:35.309881+00:00"
    },
    {
      "path": ".ptk/memory/scope/confirmations.json",
      "sha256": "314758e025b7dcc1d3715093901d68c5ff3a874b634f551352aea152bb19be41",
      "size_bytes": 8391,
      "mtime": "2026-02-28T04:54:35.310142+00:00"
    },
    {
      "path": "docs/product/v3.7.0/execution/gate-consistency-report.json",
      "sha256": "c9102f18ff7102e1c75ec3eb2b59ed47db3ae1ad3b9ff4bf3bf8de39aab69322",
      "size_bytes": 868,
      "mtime": "2026-02-28T04:54:36.181723+00:00"
    },
    {
      "path": "docs/product/v3.7.0/execution/terminal.json",
      "sha256": "4ab300a95f809b2bcfd3db4fe1127b3c699486f488a11cc02d7d5f84ae826b92",
      "size_bytes": 3342,
      "mtime": "2026-02-28T03:38:23.531433+00:00"
    }
  ],
  "missing": []
}
[workflow-gate] validate terminal artifacts
{
  "status": "Pass",
  "reason_codes": [],
  "details": {
    "version": "v3.7.0",
    "terminal_path": "docs/product/v3.7.0/execution/terminal.json",
    "boundaries_path": "docs/product/v3.7.0/execution/boundaries.md",
    "boundaries_exists": true,
    "boundaries_missing_markers": [],
    "architecture_base_path": "docs/product/v3.7.0/architecture",
    "architecture_required_files": [
      "system-context.md",
      "responsibility-boundaries.md",
      "api-contracts.md",
      "nfr-budgets.md",
      "adr-index.md"
    ],
    "missing_architecture_artifacts": [],
    "terminal_exists": true,
    "terminal_status": "Pass",
    "evidence_ref_count": 9,
    "gate_consistency": {
      "status": "Pass",
      "conflicts": [],
      "refs": {
        "api_contracts": "docs/product/v3.7.0/architecture/api-contracts.md",
        "nfr_budgets": "docs/product/v3.7.0/architecture/nfr-budgets.md"
      },
      "metrics": {
        "terminal_status": "Pass",
        "terminal_reason_code_count": 0,
        "blocking_open_question_count": 0,
        "blocking_open_question_ids": [],
        "terminal_unresolved_api_drift_count": 0,
        "terminal_unresolved_api_drift_ids": [],
        "terminal_unproven_nfr_count": 0,
        "terminal_unproven_nfr_items": [],
        "api_doc_known": true,
        "api_doc_template": false,
        "api_doc_open_drift_count": 0,
        "nfr_doc_known": true,
        "nfr_doc_template": false,
        "nfr_doc_non_pass_count": 0,
        "nfr_doc_non_pass_statuses": []
      }
    },
    "evidence_integrity_exists": true,
    "raw_command_log_path": "docs/product/v3.7.0/execution/raw-command-log.jsonl",
    "raw_command_log": {
      "exists": true,
      "entry_count": 40,
      "invalid_lines": [],
      "errors": [],
      "valid": true
    },
    "gate_consistency_report_path": "docs/product/v3.7.0/execution/gate-consistency-report.json",
    "sha256_manifest_path": "docs/product/v3.7.0/execution/evidence-manifest.json",
    "sha256_manifest_required_ref_count": 8
  }
}
